INFO  Validating config
INFO  Start processing
INFO API data generated by Aurora v1.5.5
INFO  Hexo is running at http://localhost:4000/ . Press Ctrl+C to stop.
INFO Thanks for using Aurora v1.5.5
INFO Check out the repo at: https://github.com/auroral-ui/hexo-theme-aurora
INFO  Catch you later
INFO Thanks for using Aurora v1.5.5
INFO Check out the repo at: https://github.com/auroral-ui/hexo-theme-aurora
INFO  Validating config
INFO  Start processing
INFO API data generated by Aurora v1.5.5
INFO  Hexo is running at http://localhost:4000/ . Press Ctrl+C to stop.
INFO Thanks for using Aurora v1.5.5
INFO Check out the repo at: https://github.com/auroral-ui/hexo-theme-aurora
INFO  Validating config
INFO  Start processing
INFO API data generated by Aurora v1.5.5
INFO  Hexo is running at http://localhost:4000/ . Press Ctrl+C to stop.
INFO Thanks for using Aurora v1.5.5
INFO Check out the repo at: https://github.com/auroral-ui/hexo-theme-aurora
INFO  Validating config
INFO  Start processing
INFO API data generated by Aurora v1.5.5
INFO  Hexo is running at http://localhost:4000/ . Press Ctrl+C to stop.
INFO Thanks for using Aurora v1.5.5
INFO Check out the repo at: https://github.com/auroral-ui/hexo-theme-aurora
